app/build/intermediates/manifest_merge_blame_file/debug/manifest-merger-blame-debug-report.txt
1<?xml version="1.0" encoding="utf-8"?>
2<manifest xmlns:android="http://schemas.android.com/apk/res/android"
3    package="com.android.foodorderapp"
4    android:versionCode="1"
5    android:versionName="1.0" >
6
7    <uses-sdk
8        android:minSdkVersion="24"
8-->src\main\AndroidManifest.xml
9        android:targetSdkVersion="29" />
9-->src\main\AndroidManifest.xml
10
11    <uses-permission android:name="android.permission.INTERNET" />
11-->src\main\AndroidManifest.xml:5:5-67
11-->src\main\AndroidManifest.xml:5:22-64
12
13    <application
13-->src\main\AndroidManifest.xml:7:5-31:19
14        android:allowBackup="true"
14-->src\main\AndroidManifest.xml:8:9-35
15        android:appComponentFactory="androidx.core.app.CoreComponentFactory"
15-->[androidx.core:core:1.3.1] AndroidManifest.xml:24:18-86
16        android:debuggable="true"
17        android:extractNativeLibs="false"
18        android:icon="@mipmap/ic_launcher"
18-->src\main\AndroidManifest.xml:9:9-43
19        android:label="@string/app_name"
19-->src\main\AndroidManifest.xml:10:9-41
20        android:roundIcon="@mipmap/ic_launcher_round"
20-->src\main\AndroidManifest.xml:11:9-54
21        android:supportsRtl="true"
21-->src\main\AndroidManifest.xml:12:9-35
22        android:testOnly="true"
23        android:theme="@style/Theme.FoodOrderApp" >
23-->src\main\AndroidManifest.xml:13:9-50
24        <activity
24-->src\main\AndroidManifest.xml:14:9-16:40
25            android:name="com.android.foodorderapp.Login"
25-->src\main\AndroidManifest.xml:15:13-34
26            android:exported="false" />
26-->src\main\AndroidManifest.xml:16:13-37
27        <activity
27-->src\main\AndroidManifest.xml:17:9-19:40
28            android:name="com.android.foodorderapp.Register"
28-->src\main\AndroidManifest.xml:18:13-37
29            android:exported="false" />
29-->src\main\AndroidManifest.xml:19:13-37
30        <activity android:name="com.android.foodorderapp.OrderSucceessActivity" />
30-->src\main\AndroidManifest.xml:20:9-59
30-->src\main\AndroidManifest.xml:20:19-56
31        <activity android:name="com.android.foodorderapp.PlaceYourOrderActivity" />
31-->src\main\AndroidManifest.xml:21:9-60
31-->src\main\AndroidManifest.xml:21:19-57
32        <activity android:name="com.android.foodorderapp.RestaurantMenuActivity" />
32-->src\main\AndroidManifest.xml:22:9-60
32-->src\main\AndroidManifest.xml:22:19-57
33        <activity android:name="com.android.foodorderapp.SplashActivity" >
33-->src\main\AndroidManifest.xml:23:9-29:20
33-->src\main\AndroidManifest.xml:23:19-49
34            <intent-filter>
34-->src\main\AndroidManifest.xml:24:13-28:29
35                <action android:name="android.intent.action.MAIN" />
35-->src\main\AndroidManifest.xml:25:17-69
35-->src\main\AndroidManifest.xml:25:25-66
36
37                <category android:name="android.intent.category.LAUNCHER" />
37-->src\main\AndroidManifest.xml:27:17-77
37-->src\main\AndroidManifest.xml:27:27-74
38            </intent-filter>
39        </activity>
40        <activity android:name="com.android.foodorderapp.MainActivity" />
40-->src\main\AndroidManifest.xml:30:9-50
40-->src\main\AndroidManifest.xml:30:19-47
41    </application>
42
43</manifest>